%!Adobe-FontList 1.23
%Locale:0x409

%BeginFont
Handler:DirectoryHandler
FontType:Invalid
OutlineFileName:/Users/tonycavaliere19/Desktop/B&B_Home_Page_021424 Folder/Document fonts/AdobeFnt23.lst
FileLength:3815
FileModTime:729647222
%EndFont

%BeginFont
Handler:DirectoryHandler
FontType:TrueType
FontName:Helvetica
FamilyName:Helvetica
StyleName:Regular
MenuName:Helvetica
StyleBits:0
WeightClass:400
WidthClass:5
AngleClass:0
FullName:Helvetica
WritingScript:Roman
OutlineFileName:/Users/tonycavaliere19/Desktop/B&B_Home_Page_021424 Folder/Document fonts/Helvetica.ttc
TTCOffset:48
DataFormat:sfntData
hasSVG:no
hasCOLR:no
VariableFontType:NonVariableFont
FileLength:2369592
FileModTime:723193242
NameArray:0,Mac,18,Helvetica
NameArray:0,Mac,4,Helvetica
%EndFont

%BeginFont
Handler:DirectoryHandler
FontType:TrueType
FontName:Helvetica-Bold
FamilyName:Helvetica
StyleName:Bold
MenuName:Helvetica
StyleBits:2
WeightClass:700
WidthClass:5
AngleClass:0
FullName:Helvetica Bold
WritingScript:Roman
OutlineFileName:/Users/tonycavaliere19/Desktop/B&B_Home_Page_021424 Folder/Document fonts/Helvetica.ttc
TTCOffset:380
DataFormat:sfntData
hasSVG:no
hasCOLR:no
VariableFontType:NonVariableFont
FileLength:2369592
FileModTime:723193242
NameArray:0,Mac,4,Helvetica Bold
NameArray:0,Mac,4,Helvetica lihava
NameArray:0,Mac,4,Helvetica Gras
NameArray:0,Mac,4,Helvetica Fett
NameArray:0,Mac,4,Helvetica grassetto
NameArray:0,Mac,4,Helvetica vet
NameArray:0,Mac,4,Helvetica Fet
NameArray:0,Mac,4,Helvetica Negrita
NameArray:0,Mac,4,Helvetica Carregado
NameArray:0,Mac,4,Helvetica Halvfet
NameArray:0,Mac,18,Helvetica Bold
NameArray:4,Mac,4,Helvetica‭ ‬أسود
NameArray:4,Mac,4,Helvetica‭ ‬برجسته
NameArray:5,Mac,4,Helvetica‭ ‬עבה
%EndFont

%BeginFont
Handler:DirectoryHandler
FontType:TrueType
FontName:Helvetica-BoldOblique
FamilyName:Helvetica
StyleName:Bold Oblique
MenuName:Helvetica
StyleBits:3
WeightClass:700
WidthClass:5
AngleClass:0
FullName:Helvetica Bold Oblique
WritingScript:Roman
OutlineFileName:/Users/tonycavaliere19/Desktop/B&B_Home_Page_021424 Folder/Document fonts/Helvetica.ttc
TTCOffset:1028
DataFormat:sfntData
hasSVG:no
hasCOLR:no
VariableFontType:NonVariableFont
FileLength:2369592
FileModTime:723193242
NameArray:0,Mac,18,Helvetica Bold Oblique
NameArray:0,Mac,4,Helvetica Bold Oblique
%EndFont

%BeginFont
Handler:DirectoryHandler
FontType:TrueType
FontName:Helvetica-Light
FamilyName:Helvetica
StyleName:Light
MenuName:Helvetica
StyleBits:0
WeightClass:300
WidthClass:5
AngleClass:0
FullName:Helvetica Light
WritingScript:Roman
OutlineFileName:/Users/tonycavaliere19/Desktop/B&B_Home_Page_021424 Folder/Document fonts/Helvetica.ttc
TTCOffset:1344
DataFormat:sfntData
hasSVG:no
hasCOLR:no
VariableFontType:NonVariableFont
FileLength:2369592
FileModTime:723193242
NameArray:0,Mac,18,Helvetica Light
NameArray:0,Mac,4,Helvetica Light
%EndFont

%BeginFont
Handler:DirectoryHandler
FontType:TrueType
FontName:Helvetica-LightOblique
FamilyName:Helvetica
StyleName:Light Oblique
MenuName:Helvetica
StyleBits:1
WeightClass:300
WidthClass:5
AngleClass:1
FullName:Helvetica Light Oblique
WritingScript:Roman
OutlineFileName:/Users/tonycavaliere19/Desktop/B&B_Home_Page_021424 Folder/Document fonts/Helvetica.ttc
TTCOffset:1644
DataFormat:sfntData
hasSVG:no
hasCOLR:no
VariableFontType:NonVariableFont
FileLength:2369592
FileModTime:723193242
NameArray:0,Mac,18,Helvetica Light Oblique
NameArray:0,Mac,4,Helvetica Light Oblique
%EndFont

%BeginFont
Handler:DirectoryHandler
FontType:TrueType
FontName:Helvetica-Oblique
FamilyName:Helvetica
StyleName:Oblique
MenuName:Helvetica
StyleBits:1
WeightClass:400
WidthClass:5
AngleClass:1
FullName:Helvetica Oblique
WritingScript:Roman
OutlineFileName:/Users/tonycavaliere19/Desktop/B&B_Home_Page_021424 Folder/Document fonts/Helvetica.ttc
TTCOffset:696
DataFormat:sfntData
hasSVG:no
hasCOLR:no
VariableFontType:NonVariableFont
FileLength:2369592
FileModTime:723193242
NameArray:0,Mac,18,Helvetica Oblique
NameArray:0,Mac,4,Helvetica Oblique
%EndFont

